0 info it worked if it ends with ok
1 verbose cli [ '/Users/cyrusgomezalcala/.nvm/versions/node/v5.0.0/bin/node',
1 verbose cli   '/Users/cyrusgomezalcala/.nvm/versions/node/v5.0.0/bin/npm',
1 verbose cli   'install',
1 verbose cli   '—save',
1 verbose cli   'angular-moment' ]
2 info using npm@3.3.6
3 info using node@v5.0.0
4 silly loadCurrentTree Starting
5 silly install loadCurrentTree
6 silly install readLocalPackageData
7 silly fetchPackageMetaData —save
8 silly fetchPackageMetaData angular-moment
9 silly fetchOtherPackageData —save
10 silly cache add args [ '—save', null ]
11 verbose cache add spec —save
12 silly fetchNamedPackageData angular-moment
13 silly mapToRegistry name angular-moment
14 silly mapToRegistry using default registry
15 silly mapToRegistry registry https://registry.npmjs.org/
16 silly mapToRegistry uri https://registry.npmjs.org/angular-moment
17 silly cache add parsed spec Result {
17 silly cache add   raw: '—save',
17 silly cache add   scope: null,
17 silly cache add   name: null,
17 silly cache add   rawSpec: '—save',
17 silly cache add   spec: '/Users/cyrusgomezalcala/Desktop/Thesis/Clipr/—save',
17 silly cache add   type: 'local' }
18 verbose request uri https://registry.npmjs.org/angular-moment
19 verbose request no auth needed
20 info attempt registry request try #1 at 3:59:03 PM
21 verbose request id b61b0abd9fffde23
22 http request GET https://registry.npmjs.org/angular-moment
23 error addLocal Could not install /Users/cyrusgomezalcala/Desktop/Thesis/Clipr/—save
24 silly fetchPackageMetaData Error: ENOENT: no such file or directory, open '/Users/cyrusgomezalcala/Desktop/Thesis/Clipr/—save'
24 silly fetchPackageMetaData     at Error (native)
24 silly fetchPackageMetaData  error for —save { [Error: ENOENT: no such file or directory, open '/Users/cyrusgomezalcala/Desktop/Thesis/Clipr/—save']
24 silly fetchPackageMetaData   errno: -2,
24 silly fetchPackageMetaData   code: 'ENOENT',
24 silly fetchPackageMetaData   syscall: 'open',
24 silly fetchPackageMetaData   path: '/Users/cyrusgomezalcala/Desktop/Thesis/Clipr/—save' }
25 http 400 https://registry.npmjs.org/angular-moment
26 verbose headers {}
27 silly get cb [ 400, {} ]
28 silly fetchPackageMetaData Error: 400 Bad Request
28 silly fetchPackageMetaData     at makeError (/Users/cyrusgomezalcala/.nvm/versions/node/v5.0.0/lib/node_modules/npm/node_modules/npm-registry-client/lib/request.js:264:12)
28 silly fetchPackageMetaData     at CachingRegistryClient.<anonymous> (/Users/cyrusgomezalcala/.nvm/versions/node/v5.0.0/lib/node_modules/npm/node_modules/npm-registry-client/lib/request.js:215:9)
28 silly fetchPackageMetaData     at Request._callback (/Users/cyrusgomezalcala/.nvm/versions/node/v5.0.0/lib/node_modules/npm/node_modules/npm-registry-client/lib/request.js:172:14)
28 silly fetchPackageMetaData     at Request.self.callback (/Users/cyrusgomezalcala/.nvm/versions/node/v5.0.0/lib/node_modules/npm/node_modules/request/request.js:198:22)
28 silly fetchPackageMetaData     at emitTwo (events.js:87:13)
28 silly fetchPackageMetaData     at Request.emit (events.js:172:7)
28 silly fetchPackageMetaData     at Request.<anonymous> (/Users/cyrusgomezalcala/.nvm/versions/node/v5.0.0/lib/node_modules/npm/node_modules/request/request.js:1063:14)
28 silly fetchPackageMetaData     at emitOne (events.js:82:20)
28 silly fetchPackageMetaData     at Request.emit (events.js:169:7)
28 silly fetchPackageMetaData     at IncomingMessage.<anonymous> (/Users/cyrusgomezalcala/.nvm/versions/node/v5.0.0/lib/node_modules/npm/node_modules/request/request.js:1009:12)
28 silly fetchPackageMetaData  error for angular-moment { [Error: 400 Bad Request] statusCode: 400, code: 'E400' }
29 silly rollbackFailedOptional Starting
30 silly rollbackFailedOptional Finishing
31 silly runTopLevelLifecycles Starting
32 silly runTopLevelLifecycles Finishing
33 silly install printInstalled
34 verbose stack Error: ENOENT: no such file or directory, open '/Users/cyrusgomezalcala/Desktop/Thesis/Clipr/—save'
34 verbose stack     at Error (native)
35 verbose cwd /Users/cyrusgomezalcala/Desktop/Thesis/Clipr
36 error Darwin 15.0.0
37 error argv "/Users/cyrusgomezalcala/.nvm/versions/node/v5.0.0/bin/node" "/Users/cyrusgomezalcala/.nvm/versions/node/v5.0.0/bin/npm" "install" "—save" "angular-moment"
38 error node v5.0.0
39 error npm  v3.3.6
40 error path /Users/cyrusgomezalcala/Desktop/Thesis/Clipr/—save
41 error code ENOENT
42 error errno -2
43 error syscall open
44 error enoent ENOENT: no such file or directory, open '/Users/cyrusgomezalcala/Desktop/Thesis/Clipr/—save'
44 error enoent This is most likely not a problem with npm itself
44 error enoent and is related to npm not being able to find a file.
45 verbose exit [ -2, true ]
