0 info it worked if it ends with ok
1 verbose cli [ '/usr/local/Cellar/node/4.2.1/bin/node',
1 verbose cli   '/usr/local/bin/npm',
1 verbose cli   'install' ]
2 info using npm@2.14.7
3 info using node@v4.2.1
4 verbose readDependencies loading dependencies from /Users/sonnyparsonage/Documents/Clipr/package.json
5 verbose install where, deps [ '/Users/sonnyparsonage/Documents/Clipr',
5 verbose install   [ 'bluebird',
5 verbose install     'body-parser',
5 verbose install     'express',
5 verbose install     'grunt-sass',
5 verbose install     'joi',
5 verbose install     'request',
5 verbose install     'seraph',
5 verbose install     'autoprefixer-core',
5 verbose install     'grunt',
5 verbose install     'grunt-angular-templates',
5 verbose install     'grunt-concurrent',
5 verbose install     'grunt-contrib-clean',
5 verbose install     'grunt-contrib-compass',
5 verbose install     'grunt-contrib-concat',
5 verbose install     'grunt-contrib-connect',
5 verbose install     'grunt-contrib-copy',
5 verbose install     'grunt-contrib-cssmin',
5 verbose install     'grunt-contrib-htmlmin',
5 verbose install     'grunt-contrib-imagemin',
5 verbose install     'grunt-contrib-jshint',
5 verbose install     'grunt-contrib-uglify',
5 verbose install     'grunt-contrib-watch',
5 verbose install     'grunt-filerev',
5 verbose install     'grunt-google-cdn',
5 verbose install     'grunt-jscs',
5 verbose install     'grunt-newer',
5 verbose install     'grunt-ng-annotate',
5 verbose install     'grunt-postcss',
5 verbose install     'grunt-svgmin',
5 verbose install     'grunt-usemin',
5 verbose install     'grunt-wiredep',
5 verbose install     'jit-grunt',
5 verbose install     'time-grunt',
5 verbose install     'jshint-stylish' ] ]
6 verbose install where, peers [ '/Users/sonnyparsonage/Documents/Clipr', [] ]
7 verbose installManyTop reading for lifecycle /Users/sonnyparsonage/Documents/Clipr/package.json
8 info preinstall clipr@
9 verbose installManyTop reading scoped package data from /Users/sonnyparsonage/Documents/Clipr/node_modules/autoprefixer-core/package.json
10 verbose installManyTop reading scoped package data from /Users/sonnyparsonage/Documents/Clipr/node_modules/bluebird/package.json
11 verbose installManyTop reading scoped package data from /Users/sonnyparsonage/Documents/Clipr/node_modules/body-parser/package.json
12 verbose installManyTop reading scoped package data from /Users/sonnyparsonage/Documents/Clipr/node_modules/express/package.json
13 verbose installManyTop reading scoped package data from /Users/sonnyparsonage/Documents/Clipr/node_modules/grunt/package.json
14 verbose installManyTop reading scoped package data from /Users/sonnyparsonage/Documents/Clipr/node_modules/grunt-angular-templates/package.json
15 verbose installManyTop reading scoped package data from /Users/sonnyparsonage/Documents/Clipr/node_modules/grunt-concurrent/package.json
16 verbose installManyTop reading scoped package data from /Users/sonnyparsonage/Documents/Clipr/node_modules/grunt-contrib-clean/package.json
17 verbose installManyTop reading scoped package data from /Users/sonnyparsonage/Documents/Clipr/node_modules/grunt-contrib-compass/package.json
18 verbose installManyTop reading scoped package data from /Users/sonnyparsonage/Documents/Clipr/node_modules/grunt-contrib-concat/package.json
19 verbose installManyTop reading scoped package data from /Users/sonnyparsonage/Documents/Clipr/node_modules/grunt-contrib-connect/package.json
20 verbose installManyTop reading scoped package data from /Users/sonnyparsonage/Documents/Clipr/node_modules/grunt-contrib-copy/package.json
21 verbose installManyTop reading scoped package data from /Users/sonnyparsonage/Documents/Clipr/node_modules/grunt-contrib-cssmin/package.json
22 verbose installManyTop reading scoped package data from /Users/sonnyparsonage/Documents/Clipr/node_modules/grunt-contrib-htmlmin/package.json
23 verbose installManyTop reading scoped package data from /Users/sonnyparsonage/Documents/Clipr/node_modules/grunt-contrib-imagemin/package.json
24 verbose installManyTop reading scoped package data from /Users/sonnyparsonage/Documents/Clipr/node_modules/grunt-contrib-jshint/package.json
25 verbose installManyTop reading scoped package data from /Users/sonnyparsonage/Documents/Clipr/node_modules/grunt-contrib-uglify/package.json
26 verbose installManyTop reading scoped package data from /Users/sonnyparsonage/Documents/Clipr/node_modules/grunt-contrib-watch/package.json
27 verbose installManyTop reading scoped package data from /Users/sonnyparsonage/Documents/Clipr/node_modules/grunt-filerev/package.json
28 verbose installManyTop reading scoped package data from /Users/sonnyparsonage/Documents/Clipr/node_modules/grunt-google-cdn/package.json
29 verbose installManyTop reading scoped package data from /Users/sonnyparsonage/Documents/Clipr/node_modules/grunt-jscs/package.json
30 verbose installManyTop reading scoped package data from /Users/sonnyparsonage/Documents/Clipr/node_modules/grunt-newer/package.json
31 verbose installManyTop reading scoped package data from /Users/sonnyparsonage/Documents/Clipr/node_modules/grunt-ng-annotate/package.json
32 verbose installManyTop reading scoped package data from /Users/sonnyparsonage/Documents/Clipr/node_modules/grunt-postcss/package.json
33 verbose installManyTop reading scoped package data from /Users/sonnyparsonage/Documents/Clipr/node_modules/grunt-sass/package.json
34 verbose installManyTop reading scoped package data from /Users/sonnyparsonage/Documents/Clipr/node_modules/grunt-svgmin/package.json
35 verbose installManyTop reading scoped package data from /Users/sonnyparsonage/Documents/Clipr/node_modules/grunt-usemin/package.json
36 verbose installManyTop reading scoped package data from /Users/sonnyparsonage/Documents/Clipr/node_modules/grunt-wiredep/package.json
37 verbose installManyTop reading scoped package data from /Users/sonnyparsonage/Documents/Clipr/node_modules/jit-grunt/package.json
38 verbose installManyTop reading scoped package data from /Users/sonnyparsonage/Documents/Clipr/node_modules/joi/package.json
39 verbose installManyTop reading scoped package data from /Users/sonnyparsonage/Documents/Clipr/node_modules/jshint-stylish/package.json
40 verbose installManyTop reading scoped package data from /Users/sonnyparsonage/Documents/Clipr/node_modules/request/package.json
41 verbose installManyTop reading scoped package data from /Users/sonnyparsonage/Documents/Clipr/node_modules/seraph/package.json
42 verbose installManyTop reading scoped package data from /Users/sonnyparsonage/Documents/Clipr/node_modules/time-grunt/package.json
43 info package.json grunt@0.4.5 No license field.
44 info package.json grunt-contrib-watch@0.6.1 No license field.
45 info package.json grunt-angular-templates@0.5.7 No license field.
46 info package.json grunt-contrib-clean@0.6.0 No license field.
47 info package.json grunt-contrib-concat@0.5.1 No license field.
48 info package.json grunt-contrib-copy@0.7.0 No license field.
49 info package.json grunt-contrib-connect@0.9.0 No license field.
50 info package.json grunt-contrib-imagemin@0.9.4 No license field.
51 info package.json grunt-contrib-cssmin@0.12.3 No license field.
52 info package.json grunt-contrib-htmlmin@0.4.0 No license field.
53 info package.json grunt-contrib-uglify@0.7.0 No license field.
54 info package.json grunt-filerev@2.3.1 license should be a valid SPDX license expression
55 info package.json grunt-google-cdn@0.4.3 license should be a valid SPDX license expression
56 info package.json grunt-wiredep@2.0.0 No license field.
57 info package.json grunt-svgmin@2.0.1 No license field.
58 verbose readDependencies loading dependencies from /Users/sonnyparsonage/Documents/Clipr/package.json
59 verbose targetResolver reading package data from /Users/sonnyparsonage/Documents/Clipr/node_modules/autoprefixer-core/package.json
60 verbose targetResolver reading package data from /Users/sonnyparsonage/Documents/Clipr/node_modules/bluebird/package.json
61 verbose targetResolver reading package data from /Users/sonnyparsonage/Documents/Clipr/node_modules/body-parser/package.json
62 verbose targetResolver reading package data from /Users/sonnyparsonage/Documents/Clipr/node_modules/express/package.json
63 verbose targetResolver reading package data from /Users/sonnyparsonage/Documents/Clipr/node_modules/grunt/package.json
64 verbose targetResolver reading package data from /Users/sonnyparsonage/Documents/Clipr/node_modules/grunt-angular-templates/package.json
65 verbose targetResolver reading package data from /Users/sonnyparsonage/Documents/Clipr/node_modules/grunt-concurrent/package.json
66 verbose targetResolver reading package data from /Users/sonnyparsonage/Documents/Clipr/node_modules/grunt-contrib-clean/package.json
67 verbose targetResolver reading package data from /Users/sonnyparsonage/Documents/Clipr/node_modules/grunt-contrib-compass/package.json
68 verbose targetResolver reading package data from /Users/sonnyparsonage/Documents/Clipr/node_modules/grunt-contrib-concat/package.json
69 verbose targetResolver reading package data from /Users/sonnyparsonage/Documents/Clipr/node_modules/grunt-contrib-connect/package.json
70 verbose targetResolver reading package data from /Users/sonnyparsonage/Documents/Clipr/node_modules/grunt-contrib-copy/package.json
71 verbose targetResolver reading package data from /Users/sonnyparsonage/Documents/Clipr/node_modules/grunt-contrib-cssmin/package.json
72 verbose targetResolver reading package data from /Users/sonnyparsonage/Documents/Clipr/node_modules/grunt-contrib-htmlmin/package.json
73 verbose targetResolver reading package data from /Users/sonnyparsonage/Documents/Clipr/node_modules/grunt-contrib-imagemin/package.json
74 verbose targetResolver reading package data from /Users/sonnyparsonage/Documents/Clipr/node_modules/grunt-contrib-jshint/package.json
75 verbose targetResolver reading package data from /Users/sonnyparsonage/Documents/Clipr/node_modules/grunt-contrib-uglify/package.json
76 verbose targetResolver reading package data from /Users/sonnyparsonage/Documents/Clipr/node_modules/grunt-contrib-watch/package.json
77 verbose targetResolver reading package data from /Users/sonnyparsonage/Documents/Clipr/node_modules/grunt-filerev/package.json
78 verbose targetResolver reading package data from /Users/sonnyparsonage/Documents/Clipr/node_modules/grunt-google-cdn/package.json
79 verbose targetResolver reading package data from /Users/sonnyparsonage/Documents/Clipr/node_modules/grunt-jscs/package.json
80 verbose targetResolver reading package data from /Users/sonnyparsonage/Documents/Clipr/node_modules/grunt-newer/package.json
81 verbose targetResolver reading package data from /Users/sonnyparsonage/Documents/Clipr/node_modules/grunt-ng-annotate/package.json
82 verbose targetResolver reading package data from /Users/sonnyparsonage/Documents/Clipr/node_modules/grunt-postcss/package.json
83 verbose targetResolver reading package data from /Users/sonnyparsonage/Documents/Clipr/node_modules/grunt-sass/package.json
84 verbose targetResolver reading package data from /Users/sonnyparsonage/Documents/Clipr/node_modules/grunt-svgmin/package.json
85 verbose targetResolver reading package data from /Users/sonnyparsonage/Documents/Clipr/node_modules/grunt-usemin/package.json
86 verbose targetResolver reading package data from /Users/sonnyparsonage/Documents/Clipr/node_modules/grunt-wiredep/package.json
87 verbose targetResolver reading package data from /Users/sonnyparsonage/Documents/Clipr/node_modules/jit-grunt/package.json
88 verbose targetResolver reading package data from /Users/sonnyparsonage/Documents/Clipr/node_modules/joi/package.json
89 verbose targetResolver reading package data from /Users/sonnyparsonage/Documents/Clipr/node_modules/jshint-stylish/package.json
90 verbose targetResolver reading package data from /Users/sonnyparsonage/Documents/Clipr/node_modules/request/package.json
91 verbose targetResolver reading package data from /Users/sonnyparsonage/Documents/Clipr/node_modules/seraph/package.json
92 verbose targetResolver reading package data from /Users/sonnyparsonage/Documents/Clipr/node_modules/time-grunt/package.json
93 verbose already installed skipping grunt-filerev@^2.1.2 /Users/sonnyparsonage/Documents/Clipr
94 verbose already installed skipping grunt-google-cdn@^0.4.3 /Users/sonnyparsonage/Documents/Clipr
95 verbose already installed skipping grunt-jscs@^1.8.0 /Users/sonnyparsonage/Documents/Clipr
96 verbose already installed skipping grunt-newer@^1.1.0 /Users/sonnyparsonage/Documents/Clipr
97 verbose already installed skipping grunt-ng-annotate@^0.9.2 /Users/sonnyparsonage/Documents/Clipr
98 verbose already installed skipping grunt-postcss@^0.5.5 /Users/sonnyparsonage/Documents/Clipr
99 verbose already installed skipping grunt-svgmin@^2.0.0 /Users/sonnyparsonage/Documents/Clipr
100 verbose already installed skipping grunt-usemin@^3.0.0 /Users/sonnyparsonage/Documents/Clipr
101 verbose already installed skipping grunt-wiredep@^2.0.0 /Users/sonnyparsonage/Documents/Clipr
102 verbose already installed skipping jit-grunt@^0.9.1 /Users/sonnyparsonage/Documents/Clipr
103 verbose already installed skipping time-grunt@^1.0.0 /Users/sonnyparsonage/Documents/Clipr
104 verbose already installed skipping jshint-stylish@^1.0.0 /Users/sonnyparsonage/Documents/Clipr
105 verbose already installed skipping bluebird@^3.0.5 /Users/sonnyparsonage/Documents/Clipr
106 verbose already installed skipping body-parser@^1.14.1 /Users/sonnyparsonage/Documents/Clipr
107 verbose already installed skipping express@^4.13.3 /Users/sonnyparsonage/Documents/Clipr
108 verbose already installed skipping grunt-sass@^1.1.0 /Users/sonnyparsonage/Documents/Clipr
109 verbose already installed skipping joi@^7.0.0 /Users/sonnyparsonage/Documents/Clipr
110 verbose already installed skipping request@^2.65.0 /Users/sonnyparsonage/Documents/Clipr
111 verbose already installed skipping seraph@^0.14.0 /Users/sonnyparsonage/Documents/Clipr
112 verbose already installed skipping autoprefixer-core@^5.2.1 /Users/sonnyparsonage/Documents/Clipr
113 verbose already installed skipping grunt@^0.4.5 /Users/sonnyparsonage/Documents/Clipr
114 verbose already installed skipping grunt-angular-templates@^0.5.7 /Users/sonnyparsonage/Documents/Clipr
115 verbose already installed skipping grunt-concurrent@^1.0.0 /Users/sonnyparsonage/Documents/Clipr
116 verbose already installed skipping grunt-contrib-clean@^0.6.0 /Users/sonnyparsonage/Documents/Clipr
117 verbose already installed skipping grunt-contrib-compass@^1.0.0 /Users/sonnyparsonage/Documents/Clipr
118 verbose already installed skipping grunt-contrib-concat@^0.5.0 /Users/sonnyparsonage/Documents/Clipr
119 verbose already installed skipping grunt-contrib-connect@^0.9.0 /Users/sonnyparsonage/Documents/Clipr
120 verbose already installed skipping grunt-contrib-copy@^0.7.0 /Users/sonnyparsonage/Documents/Clipr
121 verbose already installed skipping grunt-contrib-cssmin@^0.12.0 /Users/sonnyparsonage/Documents/Clipr
122 verbose already installed skipping grunt-contrib-htmlmin@^0.4.0 /Users/sonnyparsonage/Documents/Clipr
123 verbose already installed skipping grunt-contrib-imagemin@^0.9.2 /Users/sonnyparsonage/Documents/Clipr
124 verbose already installed skipping grunt-contrib-jshint@^0.11.0 /Users/sonnyparsonage/Documents/Clipr
125 verbose already installed skipping grunt-contrib-uglify@^0.7.0 /Users/sonnyparsonage/Documents/Clipr
126 verbose already installed skipping grunt-contrib-watch@^0.6.1 /Users/sonnyparsonage/Documents/Clipr
127 silly install resolved []
128 info build /Users/sonnyparsonage/Documents/Clipr
129 info linkStuff clipr@
130 silly linkStuff clipr@ has /Users/sonnyparsonage/Documents as its parent node_modules
131 verbose linkBins clipr@
132 verbose linkMans clipr@
133 verbose rebuildBundles clipr@
134 verbose rebuildBundles [ 'autoprefixer-core',
134 verbose rebuildBundles   'bluebird',
134 verbose rebuildBundles   'body-parser',
134 verbose rebuildBundles   'express',
134 verbose rebuildBundles   'grunt',
134 verbose rebuildBundles   'grunt-angular-templates',
134 verbose rebuildBundles   'grunt-concurrent',
134 verbose rebuildBundles   'grunt-contrib-clean',
134 verbose rebuildBundles   'grunt-contrib-compass',
134 verbose rebuildBundles   'grunt-contrib-concat',
134 verbose rebuildBundles   'grunt-contrib-connect',
134 verbose rebuildBundles   'grunt-contrib-copy',
134 verbose rebuildBundles   'grunt-contrib-cssmin',
134 verbose rebuildBundles   'grunt-contrib-htmlmin',
134 verbose rebuildBundles   'grunt-contrib-imagemin',
134 verbose rebuildBundles   'grunt-contrib-jshint',
134 verbose rebuildBundles   'grunt-contrib-uglify',
134 verbose rebuildBundles   'grunt-contrib-watch',
134 verbose rebuildBundles   'grunt-filerev',
134 verbose rebuildBundles   'grunt-google-cdn',
134 verbose rebuildBundles   'grunt-jscs',
134 verbose rebuildBundles   'grunt-newer',
134 verbose rebuildBundles   'grunt-ng-annotate',
134 verbose rebuildBundles   'grunt-postcss',
134 verbose rebuildBundles   'grunt-sass',
134 verbose rebuildBundles   'grunt-svgmin',
134 verbose rebuildBundles   'grunt-usemin',
134 verbose rebuildBundles   'grunt-wiredep',
134 verbose rebuildBundles   'jit-grunt',
134 verbose rebuildBundles   'joi',
134 verbose rebuildBundles   'jshint-stylish',
134 verbose rebuildBundles   'request',
134 verbose rebuildBundles   'seraph',
134 verbose rebuildBundles   'time-grunt' ]
135 info install clipr@
136 info postinstall clipr@
137 verbose unsafe-perm in lifecycle true
138 info clipr@ Failed to exec postinstall script
139 verbose stack Error: clipr@ postinstall: `bower install && ./node_modules/grunt-cli/bin/grunt build`
139 verbose stack spawn ENOENT
139 verbose stack     at ChildProcess.<anonymous> (/usr/local/lib/node_modules/npm/lib/utils/spawn.js:17:16)
139 verbose stack     at emitTwo (events.js:87:13)
139 verbose stack     at ChildProcess.emit (events.js:172:7)
139 verbose stack     at maybeClose (internal/child_process.js:818:16)
139 verbose stack     at Process.ChildProcess._handle.onexit (internal/child_process.js:211:5)
140 verbose pkgid clipr@
141 verbose cwd /Users/sonnyparsonage/Documents/Clipr/server
142 error Darwin 15.0.0
143 error argv "/usr/local/Cellar/node/4.2.1/bin/node" "/usr/local/bin/npm" "install"
144 error node v4.2.1
145 error npm  v2.14.7
146 error file sh
147 error code ELIFECYCLE
148 error errno ENOENT
149 error syscall spawn
150 error clipr@ postinstall: `bower install && ./node_modules/grunt-cli/bin/grunt build`
150 error spawn ENOENT
151 error Failed at the clipr@ postinstall script 'bower install && ./node_modules/grunt-cli/bin/grunt build'.
151 error This is most likely a problem with the clipr package,
151 error not with npm itself.
151 error Tell the author that this fails on your system:
151 error     bower install && ./node_modules/grunt-cli/bin/grunt build
151 error You can get their info via:
151 error     npm owner ls clipr
151 error There is likely additional logging output above.
152 verbose exit [ 1, true ]
